<?xml version="1.0" encoding="UTF-8"?>
<!-- Generated by org.testng.reporters.JUnitXMLReporter -->
<testsuite hostname="GJain-MacBook-Air-2.local" name="sample test" tests="1" failures="1" timestamp="24 Jan 2016 20:38:46 GMT" time="0.124" errors="0">
  <testcase name="@AfterClass tearDown" time="0.0" classname="com.jukin.test.JukinMediaLoginTest">
    <failure type="java.lang.NullPointerException">
      <![CDATA[java.lang.NullPointerException
	at com.jukin.test.base.TestBaseSetup.tearDown(TestBaseSetup.java:65)
... Removed 24 stack frames]]>
    </failure>
  </testcase> <!-- @AfterClass tearDown -->
  <testcase name="verifyHomePage" time="0.009" classname="com.jukin.test.JukinMediaLoginTest">
    <failure type="java.lang.NullPointerException">
      <![CDATA[java.lang.NullPointerException
	at com.jukin.pageobjects.JukinMediaLogin.getLoginTitle(JukinMediaLogin.java:46)
	at com.jukin.test.JukinMediaLoginTest.verifyHomePage(JukinMediaLoginTest.java:24)
... Removed 24 stack frames]]>
    </failure>
  </testcase> <!-- verifyHomePage -->
</testsuite> <!-- sample test -->
